Using pre-set license
Built from '2021.3/staging' branch; Version is '2021.3.9f1 (ad3870b89536) revision 11352176'; Using compiler version '192829333'; Build Type 'Release'
OS: 'Windows 10  (10.0.19044) 64bit Core' Language: 'es' Physical Memory: 32176 MB
BatchMode: 1, IsHumanControllingUs: 0, StartBugReporterOnCrash: 0, Is64bit: 1, IsPro: 1

COMMAND LINE ARGUMENTS:
C:\Program Files\Unity\Hub\Editor\2021.3.9f1\Editor\Unity.exe
-adb2
-batchMode
-noUpm
-name
AssetImportWorker4
-projectPath
C:/Users/juan5/OneDrive/Documents/GitHub/ProjectCustomer/Project Customer Y2T1
-logFile
Logs/AssetImportWorker4.log
-srvPort
50576
Successfully changed project path to: C:/Users/juan5/OneDrive/Documents/GitHub/ProjectCustomer/Project Customer Y2T1
C:/Users/juan5/OneDrive/Documents/GitHub/ProjectCustomer/Project Customer Y2T1
[UnityMemory] Configuration Parameters - Can be set up in boot.config
    "memorysetup-bucket-allocator-granularity=16"
    "memorysetup-bucket-allocator-bucket-count=8"
    "memorysetup-bucket-allocator-block-size=33554432"
    "memorysetup-bucket-allocator-block-count=8"
    "memorysetup-main-allocator-block-size=16777216"
    "memorysetup-thread-allocator-block-size=16777216"
    "memorysetup-gfx-main-allocator-block-size=16777216"
    "memorysetup-gfx-thread-allocator-block-size=16777216"
    "memorysetup-cache-allocator-block-size=4194304"
    "memorysetup-typetree-allocator-block-size=2097152"
    "memorysetup-profiler-bucket-allocator-granularity=16"
    "memorysetup-profiler-bucket-allocator-bucket-count=8"
    "memorysetup-profiler-bucket-allocator-block-size=33554432"
    "memorysetup-profiler-bucket-allocator-block-count=8"
    "memorysetup-profiler-allocator-block-size=16777216"
    "memorysetup-profiler-editor-allocator-block-size=1048576"
    "memorysetup-temp-allocator-size-main=16777216"
    "memorysetup-job-temp-allocator-block-size=2097152"
    "memorysetup-job-temp-allocator-block-size-background=1048576"
    "memorysetup-job-temp-allocator-reduction-small-platforms=262144"
    "memorysetup-temp-allocator-size-background-worker=32768"
    "memorysetup-temp-allocator-size-job-worker=262144"
    "memorysetup-temp-allocator-size-preload-manager=33554432"
    "memorysetup-temp-allocator-size-nav-mesh-worker=65536"
    "memorysetup-temp-allocator-size-audio-worker=65536"
    "memorysetup-temp-allocator-size-cloud-worker=32768"
    "memorysetup-temp-allocator-size-gi-baking-worker=262144"
    "memorysetup-temp-allocator-size-gfx=262144"
Refreshing native plugins compatible for Editor in 64.71 ms, found 3 plugins.
Preloading 0 native plugins for Editor in 0.00 ms.
Initialize engine version: 2021.3.9f1 (ad3870b89536)
[Subsystems] Discovering subsystems at path C:/Program Files/Unity/Hub/Editor/2021.3.9f1/Editor/Data/Resources/UnitySubsystems
[Subsystems] Discovering subsystems at path C:/Users/juan5/OneDrive/Documents/GitHub/ProjectCustomer/Project Customer Y2T1/Assets
GfxDevice: creating device client; threaded=0; jobified=0
Direct3D:
    Version:  Direct3D 11.0 [level 11.1]
    Renderer: NVIDIA GeForce RTX 3080 Laptop GPU (ID=0x249c)
    Vendor:   NVIDIA
    VRAM:     16201 MB
    Driver:   30.0.15.1295
Initialize mono
Mono path[0] = 'C:/Program Files/Unity/Hub/Editor/2021.3.9f1/Editor/Data/Managed'
Mono path[1] = 'C:/Program Files/Unity/Hub/Editor/2021.3.9f1/Editor/Data/MonoBleedingEdge/lib/mono/unityjit-win32'
Mono config path = 'C:/Program Files/Unity/Hub/Editor/2021.3.9f1/Editor/Data/MonoBleedingEdge/etc'
Using monoOptions --debugger-agent=transport=dt_socket,embedding=1,server=y,suspend=n,address=127.0.0.1:56348
Begin MonoManager ReloadAssembly
Registering precompiled unity dll's ...
Register platform support module: C:/Program Files/Unity/Hub/Editor/2021.3.9f1/Editor/Data/PlaybackEngines/WebGLSupport/UnityEditor.WebGL.Extensions.dll
Register platform support module: C:/Program Files/Unity/Hub/Editor/2021.3.9f1/Editor/Data/PlaybackEngines/WindowsStandaloneSupport/UnityEditor.WindowsStandalone.Extensions.dll
Registered in 0.007118 seconds.
Native extension for WindowsStandalone target not found
Native extension for WebGL target not found
Refreshing native plugins compatible for Editor in 60.09 ms, found 3 plugins.
Preloading 0 native plugins for Editor in 0.00 ms.
Mono: successfully reloaded assembly
- Completed reload, in  0.489 seconds
Domain Reload Profiling:
	ReloadAssembly (489ms)
		BeginReloadAssembly (59ms)
			ExecutionOrderSort (0ms)
			DisableScriptedObjects (0ms)
			BackupInstance (0ms)
			ReleaseScriptingObjects (0ms)
			CreateAndSetChildDomain (1ms)
		EndReloadAssembly (341ms)
			LoadAssemblies (57ms)
			RebuildTransferFunctionScriptingTraits (0ms)
			SetupTypeCache (72ms)
			ReleaseScriptCaches (0ms)
			RebuildScriptCaches (21ms)
			SetupLoadedEditorAssemblies (209ms)
				LogAssemblyErrors (0ms)
				InitializePlatformSupportModulesInManaged (8ms)
				SetLoadedEditorAssemblies (0ms)
				RefreshPlugins (60ms)
				BeforeProcessingInitializeOnLoad (1ms)
				ProcessInitializeOnLoadAttributes (107ms)
				ProcessInitializeOnLoadMethodAttributes (33ms)
				AfterProcessingInitializeOnLoad (0ms)
				EditorAssembliesLoaded (0ms)
			ExecutionOrderSort2 (0ms)
			AwakeInstancesAfterBackupRestoration (0ms)
Platform modules already initialized, skipping
Registering precompiled user dll's ...
Registered in 0.005982 seconds.
Begin MonoManager ReloadAssembly
Symbol file LoadedFromMemory doesn't match image C:\Users\juan5\OneDrive\Documents\GitHub\ProjectCustomer\Project Customer Y2T1\Library\PackageCache\com.unity.visualscripting@1.7.8\Editor\VisualScripting.Core\Dependencies\YamlDotNet\Unity.VisualScripting.YamlDotNet.dll
Symbol file LoadedFromMemory doesn't match image C:\Users\juan5\OneDrive\Documents\GitHub\ProjectCustomer\Project Customer Y2T1\Library\PackageCache\com.unity.visualscripting@1.7.8\Editor\VisualScripting.Core\Dependencies\DotNetZip\Unity.VisualScripting.IonicZip.dll
Native extension for WindowsStandalone target not found
Native extension for WebGL target not found
Refreshing native plugins compatible for Editor in 0.62 ms, found 3 plugins.
Preloading 0 native plugins for Editor in 0.00 ms.
Mono: successfully reloaded assembly
- Completed reload, in  0.789 seconds
Domain Reload Profiling:
	ReloadAssembly (790ms)
		BeginReloadAssembly (90ms)
			ExecutionOrderSort (0ms)
			DisableScriptedObjects (4ms)
			BackupInstance (0ms)
			ReleaseScriptingObjects (0ms)
			CreateAndSetChildDomain (17ms)
		EndReloadAssembly (608ms)
			LoadAssemblies (66ms)
			RebuildTransferFunctionScriptingTraits (0ms)
			SetupTypeCache (183ms)
			ReleaseScriptCaches (1ms)
			RebuildScriptCaches (38ms)
			SetupLoadedEditorAssemblies (295ms)
				LogAssemblyErrors (0ms)
				InitializePlatformSupportModulesInManaged (6ms)
				SetLoadedEditorAssemblies (0ms)
				RefreshPlugins (1ms)
				BeforeProcessingInitializeOnLoad (72ms)
				ProcessInitializeOnLoadAttributes (186ms)
				ProcessInitializeOnLoadMethodAttributes (23ms)
				AfterProcessingInitializeOnLoad (7ms)
				EditorAssembliesLoaded (0ms)
			ExecutionOrderSort2 (0ms)
			AwakeInstancesAfterBackupRestoration (5ms)
Platform modules already initialized, skipping
========================================================================
Worker process is ready to serve import requests
Launched and connected shader compiler UnityShaderCompiler.exe after 0.04 seconds
Refreshing native plugins compatible for Editor in 0.60 ms, found 3 plugins.
Preloading 0 native plugins for Editor in 0.00 ms.
Unloading 3569 Unused Serialized files (Serialized files now loaded: 0)
Unloading 37 unused Assets / (1.3 MB). Loaded Objects now: 4018.
Memory consumption went from 134.5 MB to 133.3 MB.
Total: 3.161300 ms (FindLiveObjects: 0.261100 ms CreateObjectMapping: 0.109300 ms MarkObjects: 2.536000 ms  DeleteObjects: 0.254100 ms)

AssetImportParameters requested are different than current active one (requested -> active):
  custom:video-decoder-ogg-theora: a1e56fd34408186e4bbccfd4996cb3dc -> 
  custom:container-muxer-webm: aa71ff27fc2769a1b78a27578f13a17b -> 
  custom:container-demuxer-webm: 4f35f7cbe854078d1ac9338744f61a02 -> 
  custom:video-encoder-webm-vp8: eb34c28f22e8b96e1ab97ce403110664 -> 
  custom:video-codec-MediaFoundation-h265: 746d11721c4dcdbdad8f713fa42b33f4 -> 
  custom:audio-encoder-webm-vorbis: bf7c407c2cedff20999df2af8eb42d56 -> 
  custom:framework-win-MediaFoundation: 216162199b28c13a410421893ffa2e32 -> 
  custom:container-demuxer-ogg: 62fdf1f143b41e24485cea50d1cbac27 -> 
  custom:video-decoder-webm-vp8: 9c59270c3fd7afecdb556c50c9e8de78 -> 
  custom:audio-decoder-ogg-vorbis: bf7c407c2cedff20999df2af8eb42d56 -> 
========================================================================
Received Import Request.
  Time since last request: 53366.742627 seconds.
  path: Assets/Models/Buildings/Build_02/SM_B_Build_02.fbx
  artifactKey: Guid(db23f046e094037458240aa02df733e1) Importer(815301076,1909f56bfc062723c751e8b465ee728b)
Start importing Assets/Models/Buildings/Build_02/SM_B_Build_02.fbx using Guid(db23f046e094037458240aa02df733e1) Importer(815301076,1909f56bfc062723c751e8b465ee728b)  -> (artifact id: 'c218c4f1131d5987c9efa1708b0622a3') in 0.221478 seconds 
========================================================================
Received Import Request.
  Time since last request: 14.666374 seconds.
  path: Assets/Models/Buildings/Build_03/SM_B_Build_03.fbx
  artifactKey: Guid(7597d0533b9bd3047a5f7d4029c7623e) Importer(815301076,1909f56bfc062723c751e8b465ee728b)
Start importing Assets/Models/Buildings/Build_03/SM_B_Build_03.fbx using Guid(7597d0533b9bd3047a5f7d4029c7623e) Importer(815301076,1909f56bfc062723c751e8b465ee728b)  -> (artifact id: '4a207835615084ca7f59dc757ccf7fec') in 0.114724 seconds 
========================================================================
Received Import Request.
  Time since last request: 0.000028 seconds.
  path: Assets/Models/Buildings/Build_03/SM_T_Corner_Build_03.fbx
  artifactKey: Guid(f7565f045187b90498089b89a597ff95) Importer(815301076,1909f56bfc062723c751e8b465ee728b)
Start importing Assets/Models/Buildings/Build_03/SM_T_Corner_Build_03.fbx using Guid(f7565f045187b90498089b89a597ff95) Importer(815301076,1909f56bfc062723c751e8b465ee728b)  -> (artifact id: '4a867a4edeb756509891819b90ea5696') in 0.154355 seconds 
========================================================================
Received Import Request.
  Time since last request: 8.862315 seconds.
  path: Assets/Materials/Buildings/Building_B
  artifactKey: Guid(aefff45d19295b942879dbbafa58597e) Importer(815301076,1909f56bfc062723c751e8b465ee728b)
Start importing Assets/Materials/Buildings/Building_B using Guid(aefff45d19295b942879dbbafa58597e) Importer(815301076,1909f56bfc062723c751e8b465ee728b)  -> (artifact id: '5a3bb947bffa67dec019fd754bfc72b9') in 0.001857 seconds 
========================================================================
Received Import Request.
  Time since last request: 1.496137 seconds.
  path: Assets/Materials/Buildings/Building_T
  artifactKey: Guid(c848ba74c222e614f8f57fc4cedaf727) Importer(815301076,1909f56bfc062723c751e8b465ee728b)
Start importing Assets/Materials/Buildings/Building_T using Guid(c848ba74c222e614f8f57fc4cedaf727) Importer(815301076,1909f56bfc062723c751e8b465ee728b)  -> (artifact id: '2bc7ef49d4ee4652c3e3761124447a2a') in 0.002030 seconds 
========================================================================
Received Import Request.
  Time since last request: 21.455863 seconds.
  path: Assets/Materials/Buildings/M_Concrete.mat
  artifactKey: Guid(a7d5c40a6260d6b4a8664960c3c33af5) Importer(815301076,1909f56bfc062723c751e8b465ee728b)
Start importing Assets/Materials/Buildings/M_Concrete.mat using Guid(a7d5c40a6260d6b4a8664960c3c33af5) Importer(815301076,1909f56bfc062723c751e8b465ee728b)  -> (artifact id: '0d968f61b9aad8242f530c8905ac2fdf') in 0.013973 seconds 
========================================================================
Received Import Request.
  Time since last request: 225.995463 seconds.
  path: Assets/Materials/Buildings/New Flare.flare
  artifactKey: Guid(71d74bd7dbdc70746b01236031590d34) Importer(815301076,1909f56bfc062723c751e8b465ee728b)
Start importing Assets/Materials/Buildings/New Flare.flare using Guid(71d74bd7dbdc70746b01236031590d34) Importer(815301076,1909f56bfc062723c751e8b465ee728b)  -> (artifact id: '4d0c3e25aa29e841e67e240b5d49fc57') in 0.007853 seconds 
========================================================================
Received Import Request.
  Time since last request: 20.462425 seconds.
  path: Assets/Materials/Buildings/M_Red_Concrete.mat
  artifactKey: Guid(1c35b6206aa51aa4f88ee01e4b9ed8c9) Importer(815301076,1909f56bfc062723c751e8b465ee728b)
Start importing Assets/Materials/Buildings/M_Red_Concrete.mat using Guid(1c35b6206aa51aa4f88ee01e4b9ed8c9) Importer(815301076,1909f56bfc062723c751e8b465ee728b)  -> (artifact id: '23301f54e341d274ae7735e9b712f3e6') in 0.011513 seconds 
========================================================================
Received Import Request.
  Time since last request: 9.904761 seconds.
  path: Assets/Materials/Buildings/M_Black_Concrete.mat
  artifactKey: Guid(5d9850e04f367874aac532a649532bd2) Importer(815301076,1909f56bfc062723c751e8b465ee728b)
Start importing Assets/Materials/Buildings/M_Black_Concrete.mat using Guid(5d9850e04f367874aac532a649532bd2) Importer(815301076,1909f56bfc062723c751e8b465ee728b)  -> (artifact id: '877679d56e2a1dd1738e0b22f43276fc') in 0.009942 seconds 
========================================================================
Received Import Request.
  Time since last request: 24.429683 seconds.
  path: Assets/Materials/Roads/Concrete.mat
  artifactKey: Guid(c6947b18c2ba448438dc28e765dd1c64) Importer(815301076,1909f56bfc062723c751e8b465ee728b)
Start importing Assets/Materials/Roads/Concrete.mat using Guid(c6947b18c2ba448438dc28e765dd1c64) Importer(815301076,1909f56bfc062723c751e8b465ee728b)  -> (artifact id: 'f77797ea17c0061f731f16238a1d422a') in 0.007246 seconds 
========================================================================
Received Import Request.
  Time since last request: 0.000017 seconds.
  path: Assets/Materials/Roads/WhiteRoad.mat
  artifactKey: Guid(24ebc40d44a931744bea83ba33207d7a) Importer(815301076,1909f56bfc062723c751e8b465ee728b)
Start importing Assets/Materials/Roads/WhiteRoad.mat using Guid(24ebc40d44a931744bea83ba33207d7a) Importer(815301076,1909f56bfc062723c751e8b465ee728b)  -> (artifact id: 'b9bfb7f01c4252e6b960e1e46626a3c5') in 0.011625 seconds 
========================================================================
Received Import Request.
  Time since last request: 10.669125 seconds.
  path: Assets/TextMesh Pro/Examples & Extras/Resources/Fonts & Materials/Aldrich-Regular SDF.asset
  artifactKey: Guid(dd1d11a8010c2d143bc10ebf0b676e83) Importer(815301076,1909f56bfc062723c751e8b465ee728b)
Start importing Assets/TextMesh Pro/Examples & Extras/Resources/Fonts & Materials/Aldrich-Regular SDF.asset using Guid(dd1d11a8010c2d143bc10ebf0b676e83) Importer(815301076,1909f56bfc062723c751e8b465ee728b)  -> (artifact id: 'f3acd01b9698736527fce7c9edb6a640') in 0.066276 seconds 
========================================================================
Received Import Request.
  Time since last request: 0.000026 seconds.
  path: Assets/TextMesh Pro/Examples & Extras/Resources/Fonts & Materials/Anton SDF.asset
  artifactKey: Guid(8a89fa14b10d46a99122fd4f73fca9a2) Importer(815301076,1909f56bfc062723c751e8b465ee728b)
Start importing Assets/TextMesh Pro/Examples & Extras/Resources/Fonts & Materials/Anton SDF.asset using Guid(8a89fa14b10d46a99122fd4f73fca9a2) Importer(815301076,1909f56bfc062723c751e8b465ee728b)  -> (artifact id: '1eac60912ee89751347397bdc4c0e763') in 0.028134 seconds 
========================================================================
Received Import Request.
  Time since last request: 0.000025 seconds.
  path: Assets/TextMesh Pro/Examples & Extras/Resources/Fonts & Materials/Bangers SDF - Drop Shadow.mat
  artifactKey: Guid(f2dcf029949142e28b974630369c8b4e) Importer(815301076,1909f56bfc062723c751e8b465ee728b)
Start importing Assets/TextMesh Pro/Examples & Extras/Resources/Fonts & Materials/Bangers SDF - Drop Shadow.mat using Guid(f2dcf029949142e28b974630369c8b4e) Importer(815301076,1909f56bfc062723c751e8b465ee728b)  -> (artifact id: '80f79ede65468511878f7ea613af1dde') in 0.067335 seconds 
========================================================================
Received Import Request.
  Time since last request: 0.000029 seconds.
  path: Assets/TextMesh Pro/Examples & Extras/Resources/Fonts & Materials/Anton SDF - Outline.mat
  artifactKey: Guid(a00013af81304728b2be1f4309ee2433) Importer(815301076,1909f56bfc062723c751e8b465ee728b)
Start importing Assets/TextMesh Pro/Examples & Extras/Resources/Fonts & Materials/Anton SDF - Outline.mat using Guid(a00013af81304728b2be1f4309ee2433) Importer(815301076,1909f56bfc062723c751e8b465ee728b)  -> (artifact id: 'c40b475567744c4913eff9ae9c48cd25') in 0.060484 seconds 
========================================================================
Received Import Request.
  Time since last request: 2.094859 seconds.
  path: Assets/TextMesh Pro/Examples & Extras/Resources/Fonts & Materials/Bangers SDF.asset
  artifactKey: Guid(125cb55b44b24c4393181402bc6200e6) Importer(815301076,1909f56bfc062723c751e8b465ee728b)
Start importing Assets/TextMesh Pro/Examples & Extras/Resources/Fonts & Materials/Bangers SDF.asset using Guid(125cb55b44b24c4393181402bc6200e6) Importer(815301076,1909f56bfc062723c751e8b465ee728b)  -> (artifact id: 'b2aabc0e247cdccb58e629bf59631d84') in 0.030460 seconds 
========================================================================
Received Import Request.
  Time since last request: 0.000032 seconds.
  path: Assets/TextMesh Pro/Examples & Extras/Resources/Fonts & Materials/Electronic Highway Sign SDF.asset
  artifactKey: Guid(dc36b3fdc14f47ebb36fd484a67e268a) Importer(815301076,1909f56bfc062723c751e8b465ee728b)
Start importing Assets/TextMesh Pro/Examples & Extras/Resources/Fonts & Materials/Electronic Highway Sign SDF.asset using Guid(dc36b3fdc14f47ebb36fd484a67e268a) Importer(815301076,1909f56bfc062723c751e8b465ee728b)  -> (artifact id: '88ae38b191d0b2520141b3e47c15a5c5') in 0.023255 seconds 
========================================================================
Received Import Request.
  Time since last request: 0.000027 seconds.
  path: Assets/TextMesh Pro/Examples & Extras/Fonts/DotGothic16-Regular.ttf
  artifactKey: Guid(d86bd4e47bec07142bd71585a947f79f) Importer(815301076,1909f56bfc062723c751e8b465ee728b)
Start importing Assets/TextMesh Pro/Examples & Extras/Fonts/DotGothic16-Regular.ttf using Guid(d86bd4e47bec07142bd71585a947f79f) Importer(815301076,1909f56bfc062723c751e8b465ee728b)  -> (artifact id: '216cf169582d8a57ba781f94a5380c2a') in 0.020233 seconds 
========================================================================
Received Import Request.
  Time since last request: 26.541132 seconds.
  path: Assets/Models/Buildings/Build_03/SM_B_Build_03.fbx
  artifactKey: Guid(7597d0533b9bd3047a5f7d4029c7623e) Importer(815301076,1909f56bfc062723c751e8b465ee728b)
Start importing Assets/Models/Buildings/Build_03/SM_B_Build_03.fbx using Guid(7597d0533b9bd3047a5f7d4029c7623e) Importer(815301076,1909f56bfc062723c751e8b465ee728b)  -> (artifact id: '67677f1ba78da07caf33647c70ae111d') in 0.102703 seconds 
========================================================================
Received Import Request.
  Time since last request: 161.420947 seconds.
  path: Assets/Models/Buildings/Build_03/SM_B_Build_03.fbx
  artifactKey: Guid(7597d0533b9bd3047a5f7d4029c7623e) Importer(815301076,1909f56bfc062723c751e8b465ee728b)
Start importing Assets/Models/Buildings/Build_03/SM_B_Build_03.fbx using Guid(7597d0533b9bd3047a5f7d4029c7623e) Importer(815301076,1909f56bfc062723c751e8b465ee728b)  -> (artifact id: '0949d2d9e5a8707a36efb88c4989c434') in 0.082599 seconds 
========================================================================
Received Import Request.
  Time since last request: 35.103268 seconds.
  path: Assets/Materials/Buildings/M_Window_Frame.mat
  artifactKey: Guid(37879c4259070da499f82315a598d704) Importer(815301076,1909f56bfc062723c751e8b465ee728b)
Start importing Assets/Materials/Buildings/M_Window_Frame.mat using Guid(37879c4259070da499f82315a598d704) Importer(815301076,1909f56bfc062723c751e8b465ee728b)  -> (artifact id: '08b5ba36d44f365a3084231b834cb3cc') in 0.009902 seconds 
========================================================================
Received Import Request.
  Time since last request: 26.625478 seconds.
  path: Assets/TextMesh Pro/Examples & Extras/Fonts/Electronic Highway Sign.TTF
  artifactKey: Guid(8a2b9e2a607dd2143b58c44bc32410b4) Importer(815301076,1909f56bfc062723c751e8b465ee728b)
Start importing Assets/TextMesh Pro/Examples & Extras/Fonts/Electronic Highway Sign.TTF using Guid(8a2b9e2a607dd2143b58c44bc32410b4) Importer(815301076,1909f56bfc062723c751e8b465ee728b)  -> (artifact id: '49bd709abaca415c72f16bab2f7c8abb') in 0.013939 seconds 
========================================================================
Received Import Request.
  Time since last request: 13.520639 seconds.
  path: Assets/TextMesh Pro/Examples & Extras/Textures/Brushed Metal 3.jpg
  artifactKey: Guid(f88677df267a41d6be1e7a6133e7d227) Importer(815301076,1909f56bfc062723c751e8b465ee728b)
Start importing Assets/TextMesh Pro/Examples & Extras/Textures/Brushed Metal 3.jpg using Guid(f88677df267a41d6be1e7a6133e7d227) Importer(815301076,1909f56bfc062723c751e8b465ee728b)  -> (artifact id: 'b6ad883efe5a7e70dc7c9483508c920c') in 0.043015 seconds 
========================================================================
Received Import Request.
  Time since last request: 68.701657 seconds.
  path: Assets/Materials/Buildings/M_Red_Concrete 1.mat
  artifactKey: Guid(531b419be51493d4984095bbb4d3f178) Importer(815301076,1909f56bfc062723c751e8b465ee728b)
Start importing Assets/Materials/Buildings/M_Red_Concrete 1.mat using Guid(531b419be51493d4984095bbb4d3f178) Importer(815301076,1909f56bfc062723c751e8b465ee728b)  -> (artifact id: 'd5f15f954ed068721e61ac999c4d9175') in 0.010846 seconds 
========================================================================
Received Import Request.
  Time since last request: 18.695760 seconds.
  path: Assets/Models/Buildings/Build_03/SM_B_Build_03.fbx
  artifactKey: Guid(7597d0533b9bd3047a5f7d4029c7623e) Importer(815301076,1909f56bfc062723c751e8b465ee728b)
Start importing Assets/Models/Buildings/Build_03/SM_B_Build_03.fbx using Guid(7597d0533b9bd3047a5f7d4029c7623e) Importer(815301076,1909f56bfc062723c751e8b465ee728b)  -> (artifact id: '9a63740942a1ada9b16f3c9eba02d778') in 0.099643 seconds 
========================================================================
Received Import Request.
  Time since last request: 9.256613 seconds.
  path: Assets/Models/Buildings/Build_03/SM_B_Build_03.fbx
  artifactKey: Guid(7597d0533b9bd3047a5f7d4029c7623e) Importer(815301076,1909f56bfc062723c751e8b465ee728b)
Start importing Assets/Models/Buildings/Build_03/SM_B_Build_03.fbx using Guid(7597d0533b9bd3047a5f7d4029c7623e) Importer(815301076,1909f56bfc062723c751e8b465ee728b)  -> (artifact id: 'a88a9a67b2b32104d898bcc6182a5901') in 0.086576 seconds 
========================================================================
Received Import Request.
  Time since last request: 25.758132 seconds.
  path: Assets/Materials/Buildings/M_Metallic.mat
  artifactKey: Guid(527d9ae466ebb2f4a998018773611f41) Importer(815301076,1909f56bfc062723c751e8b465ee728b)
Start importing Assets/Materials/Buildings/M_Metallic.mat using Guid(527d9ae466ebb2f4a998018773611f41) Importer(815301076,1909f56bfc062723c751e8b465ee728b)  -> (artifact id: '14cd44d8888868c4b6d13a5887a37141') in 0.010374 seconds 
========================================================================
Received Import Request.
  Time since last request: 12.267297 seconds.
  path: Assets/Materials/Buildings/M_Metal.mat
  artifactKey: Guid(37879c4259070da499f82315a598d704) Importer(815301076,1909f56bfc062723c751e8b465ee728b)
Start importing Assets/Materials/Buildings/M_Metal.mat using Guid(37879c4259070da499f82315a598d704) Importer(815301076,1909f56bfc062723c751e8b465ee728b)  -> (artifact id: 'bc3b1ec47e1b1e1a0fcf17e29ac055b7') in 0.010708 seconds 
========================================================================
Received Import Request.
  Time since last request: 2.506518 seconds.
  path: Assets/Models/Buildings/Build_03/SM_B_Build_03.fbx
  artifactKey: Guid(7597d0533b9bd3047a5f7d4029c7623e) Importer(815301076,1909f56bfc062723c751e8b465ee728b)
Start importing Assets/Models/Buildings/Build_03/SM_B_Build_03.fbx using Guid(7597d0533b9bd3047a5f7d4029c7623e) Importer(815301076,1909f56bfc062723c751e8b465ee728b)  -> (artifact id: 'c277436ade5c77bc98c7cb0efe908685') in 0.098535 seconds 
========================================================================
Received Import Request.
  Time since last request: 9.940115 seconds.
  path: Assets/Models/Buildings/Build_03/SM_B_Build_03.fbx
  artifactKey: Guid(7597d0533b9bd3047a5f7d4029c7623e) Importer(815301076,1909f56bfc062723c751e8b465ee728b)
Start importing Assets/Models/Buildings/Build_03/SM_B_Build_03.fbx using Guid(7597d0533b9bd3047a5f7d4029c7623e) Importer(815301076,1909f56bfc062723c751e8b465ee728b)  -> (artifact id: '15f312c84ec385ae7e20bc8d7bac67c7') in 0.079194 seconds 
========================================================================
Received Import Request.
  Time since last request: 40.708762 seconds.
  path: Assets/Models/Buildings/Build_03/SM_M_Build_03.fbx
  artifactKey: Guid(8d81cdb33f751d84887f1827dc85ad02) Importer(815301076,1909f56bfc062723c751e8b465ee728b)
Start importing Assets/Models/Buildings/Build_03/SM_M_Build_03.fbx using Guid(8d81cdb33f751d84887f1827dc85ad02) Importer(815301076,1909f56bfc062723c751e8b465ee728b)  -> (artifact id: '81b43514345fb258e58c6022b4d29434') in 0.080515 seconds 
========================================================================
Received Import Request.
  Time since last request: 16.528880 seconds.
  path: Assets/Models/Buildings/Build_03/SM_T_Build_03.fbx
  artifactKey: Guid(a490364d584250545984f7e39f0193cd) Importer(815301076,1909f56bfc062723c751e8b465ee728b)
Start importing Assets/Models/Buildings/Build_03/SM_T_Build_03.fbx using Guid(a490364d584250545984f7e39f0193cd) Importer(815301076,1909f56bfc062723c751e8b465ee728b)  -> (artifact id: 'fc9b8e5b197e7732efcf521671590e9a') in 0.118985 seconds 
========================================================================
Received Import Request.
  Time since last request: 90.637948 seconds.
  path: Assets/Models/Buildings/Build_03/SM_B_Build_03.fbx
  artifactKey: Guid(7597d0533b9bd3047a5f7d4029c7623e) Importer(815301076,1909f56bfc062723c751e8b465ee728b)
Start importing Assets/Models/Buildings/Build_03/SM_B_Build_03.fbx using Guid(7597d0533b9bd3047a5f7d4029c7623e) Importer(815301076,1909f56bfc062723c751e8b465ee728b)  -> (artifact id: 'ca7099d69835cedb7e135ff767f9a6af') in 0.092075 seconds 
========================================================================
Received Import Request.
  Time since last request: 0.000022 seconds.
  path: Assets/Models/Buildings/Build_03/SM_T_Build_03.fbx
  artifactKey: Guid(a490364d584250545984f7e39f0193cd) Importer(815301076,1909f56bfc062723c751e8b465ee728b)
Start importing Assets/Models/Buildings/Build_03/SM_T_Build_03.fbx using Guid(a490364d584250545984f7e39f0193cd) Importer(815301076,1909f56bfc062723c751e8b465ee728b)  -> (artifact id: 'ea8f0867080a5ed0e79303a2cf78bd78') in 0.115631 seconds 
========================================================================
Received Import Request.
  Time since last request: 1.187097 seconds.
  path: Assets/Scenes/Art_test_Profiles/PostProcess Profile.asset
  artifactKey: Guid(ba1f8535baf79d947a8910c2c86689d6) Importer(815301076,1909f56bfc062723c751e8b465ee728b)
Start importing Assets/Scenes/Art_test_Profiles/PostProcess Profile.asset using Guid(ba1f8535baf79d947a8910c2c86689d6) Importer(815301076,1909f56bfc062723c751e8b465ee728b)  -> (artifact id: '4970a772151e1f29ed94c73310235954') in 0.007400 seconds 
========================================================================
Received Import Request.
  Time since last request: 26.272225 seconds.
  path: Assets/Scenes/Art_test_Profiles/PP_Art_Test.asset
  artifactKey: Guid(ba1f8535baf79d947a8910c2c86689d6) Importer(815301076,1909f56bfc062723c751e8b465ee728b)
Start importing Assets/Scenes/Art_test_Profiles/PP_Art_Test.asset using Guid(ba1f8535baf79d947a8910c2c86689d6) Importer(815301076,1909f56bfc062723c751e8b465ee728b)  -> (artifact id: '9d85c48289491096fa77c636ca1881a0') in 0.005782 seconds 
========================================================================
Received Import Request.
  Time since last request: 15.402553 seconds.
  path: Assets/Materials/Buildings/M_Black_Concrete.mat
  artifactKey: Guid(5d9850e04f367874aac532a649532bd2) Importer(815301076,1909f56bfc062723c751e8b465ee728b)
Start importing Assets/Materials/Buildings/M_Black_Concrete.mat using Guid(5d9850e04f367874aac532a649532bd2) Importer(815301076,1909f56bfc062723c751e8b465ee728b)  -> (artifact id: '0e438b8770328f06eda121d014194cc8') in 0.009382 seconds 
========================================================================
Received Import Request.
  Time since last request: 0.000024 seconds.
  path: Assets/Materials/Buildings/M_Red_Concrete 1.mat
  artifactKey: Guid(531b419be51493d4984095bbb4d3f178) Importer(815301076,1909f56bfc062723c751e8b465ee728b)
Start importing Assets/Materials/Buildings/M_Red_Concrete 1.mat using Guid(531b419be51493d4984095bbb4d3f178) Importer(815301076,1909f56bfc062723c751e8b465ee728b)  -> (artifact id: '168ceab91964fa229d1251fd0fc2e5c6') in 0.010702 seconds 
========================================================================
Received Import Request.
  Time since last request: 15.857275 seconds.
  path: Assets/Models/Buildings/Build_03/SM_B_Corner_Build_03.fbx
  artifactKey: Guid(9f7c6ff0ed9b24546a438ec24f257635) Importer(815301076,1909f56bfc062723c751e8b465ee728b)
Start importing Assets/Models/Buildings/Build_03/SM_B_Corner_Build_03.fbx using Guid(9f7c6ff0ed9b24546a438ec24f257635) Importer(815301076,1909f56bfc062723c751e8b465ee728b)  -> (artifact id: '74040eb46a1e730cb957fdeb5703b035') in 0.090779 seconds 
========================================================================
Received Import Request.
  Time since last request: 16.919723 seconds.
  path: Assets/Models/Buildings/Build_03/SM_M_Corner_Build_03.fbx
  artifactKey: Guid(d06403982a8f2ab4d8ba3d8169bfe630) Importer(815301076,1909f56bfc062723c751e8b465ee728b)
Start importing Assets/Models/Buildings/Build_03/SM_M_Corner_Build_03.fbx using Guid(d06403982a8f2ab4d8ba3d8169bfe630) Importer(815301076,1909f56bfc062723c751e8b465ee728b)  -> (artifact id: '2768d04fff44dde89d37c1db2d4df48e') in 0.092207 seconds 
========================================================================
Received Import Request.
  Time since last request: 16.443860 seconds.
  path: Assets/Models/Buildings/Build_03/SM_T_Corner_Build_03.fbx
  artifactKey: Guid(f7565f045187b90498089b89a597ff95) Importer(815301076,1909f56bfc062723c751e8b465ee728b)
Start importing Assets/Models/Buildings/Build_03/SM_T_Corner_Build_03.fbx using Guid(f7565f045187b90498089b89a597ff95) Importer(815301076,1909f56bfc062723c751e8b465ee728b)  -> (artifact id: '778ae304f657065c0987788ff583a17e') in 0.119640 seconds 
========================================================================
Received Import Request.
  Time since last request: 24.413981 seconds.
  path: Assets/Scenes/Art_test_Profiles/PP_Art_Test.asset
  artifactKey: Guid(ba1f8535baf79d947a8910c2c86689d6) Importer(815301076,1909f56bfc062723c751e8b465ee728b)
Start importing Assets/Scenes/Art_test_Profiles/PP_Art_Test.asset using Guid(ba1f8535baf79d947a8910c2c86689d6) Importer(815301076,1909f56bfc062723c751e8b465ee728b)  -> (artifact id: '1cbd8b72810c18d0d4558b986ff5a405') in 0.006042 seconds 
========================================================================
Received Import Request.
  Time since last request: 104.642619 seconds.
  path: Assets/Scenes/Art_test_Profiles/PP_Art_Test.asset
  artifactKey: Guid(ba1f8535baf79d947a8910c2c86689d6) Importer(815301076,1909f56bfc062723c751e8b465ee728b)
Start importing Assets/Scenes/Art_test_Profiles/PP_Art_Test.asset using Guid(ba1f8535baf79d947a8910c2c86689d6) Importer(815301076,1909f56bfc062723c751e8b465ee728b)  -> (artifact id: '3bff4ada39f5bbdfb527c08df02db417') in 0.002926 seconds 
========================================================================
Received Import Request.
  Time since last request: 1094.773291 seconds.
  path: Assets/Scenes/Art_test_Profiles/PP_Art_Test.asset
  artifactKey: Guid(ba1f8535baf79d947a8910c2c86689d6) Importer(815301076,1909f56bfc062723c751e8b465ee728b)
Start importing Assets/Scenes/Art_test_Profiles/PP_Art_Test.asset using Guid(ba1f8535baf79d947a8910c2c86689d6) Importer(815301076,1909f56bfc062723c751e8b465ee728b)  -> (artifact id: '100e7f159bd72533bdf1a32658a5610f') in 0.003230 seconds 
========================================================================
Received Import Request.
  Time since last request: 44.430313 seconds.
  path: Assets/Scenes/Art_test_Profiles/PP_Art_Test.asset
  artifactKey: Guid(ba1f8535baf79d947a8910c2c86689d6) Importer(815301076,1909f56bfc062723c751e8b465ee728b)
Start importing Assets/Scenes/Art_test_Profiles/PP_Art_Test.asset using Guid(ba1f8535baf79d947a8910c2c86689d6) Importer(815301076,1909f56bfc062723c751e8b465ee728b)  -> (artifact id: '9709e34de17b17e3bdc8355574b73fea') in 0.006332 seconds 
========================================================================
Received Import Request.
  Time since last request: 708.490825 seconds.
  path: Assets/Materials/Cars/Car.mat
  artifactKey: Guid(31bce9abf9a7eee408396c1a45d8739a) Importer(815301076,1909f56bfc062723c751e8b465ee728b)
Start importing Assets/Materials/Cars/Car.mat using Guid(31bce9abf9a7eee408396c1a45d8739a) Importer(815301076,1909f56bfc062723c751e8b465ee728b)  -> (artifact id: 'ded8877cdf75a3e829765376aad0bbe0') in 0.012863 seconds 
========================================================================
Received Import Request.
  Time since last request: 0.000024 seconds.
  path: Assets/Materials/Cars/lambert1.mat
  artifactKey: Guid(8c905068901b3a84bb09eed002c5b47a) Importer(815301076,1909f56bfc062723c751e8b465ee728b)
Start importing Assets/Materials/Cars/lambert1.mat using Guid(8c905068901b3a84bb09eed002c5b47a) Importer(815301076,1909f56bfc062723c751e8b465ee728b)  -> (artifact id: '46ee4256f966ba05433f2b3b8e147008') in 0.013066 seconds 
========================================================================
Received Import Request.
  Time since last request: 0.000021 seconds.
  path: Assets/Materials/Cars/WheelsCenter.mat
  artifactKey: Guid(5d2d937ca4dc6bc42bd481bca969bed7) Importer(815301076,1909f56bfc062723c751e8b465ee728b)
Start importing Assets/Materials/Cars/WheelsCenter.mat using Guid(5d2d937ca4dc6bc42bd481bca969bed7) Importer(815301076,1909f56bfc062723c751e8b465ee728b)  -> (artifact id: 'be82f99b318f6173f0848c69520ab86b') in 0.013654 seconds 
========================================================================
Received Import Request.
  Time since last request: 0.000026 seconds.
  path: Assets/Materials/Cars/Front_lights.mat
  artifactKey: Guid(eda32c964953041428fb9d9496a0c3d9) Importer(815301076,1909f56bfc062723c751e8b465ee728b)
Start importing Assets/Materials/Cars/Front_lights.mat using Guid(eda32c964953041428fb9d9496a0c3d9) Importer(815301076,1909f56bfc062723c751e8b465ee728b)  -> (artifact id: '7ab99e85287f4d14ca8264a1b3ed1707') in 0.012685 seconds 
========================================================================
Received Import Request.
  Time since last request: 0.000018 seconds.
  path: Assets/Materials/Cars/Top_front.mat
  artifactKey: Guid(60693be70aff0964abd8ad2167431a59) Importer(815301076,1909f56bfc062723c751e8b465ee728b)
Start importing Assets/Materials/Cars/Top_front.mat using Guid(60693be70aff0964abd8ad2167431a59) Importer(815301076,1909f56bfc062723c751e8b465ee728b)  -> (artifact id: '5f259f6bc48a12d92a07dd6d6a4418be') in 0.011315 seconds 
========================================================================
Received Import Request.
  Time since last request: 0.000020 seconds.
  path: Assets/Materials/Cars/Salon.mat
  artifactKey: Guid(25e93ed32fde2f54b820dbec8dbfdfda) Importer(815301076,1909f56bfc062723c751e8b465ee728b)
Start importing Assets/Materials/Cars/Salon.mat using Guid(25e93ed32fde2f54b820dbec8dbfdfda) Importer(815301076,1909f56bfc062723c751e8b465ee728b)  -> (artifact id: '474ce170e7bea6139fa0198ff38a5012') in 0.012293 seconds 
========================================================================
Received Import Request.
  Time since last request: 0.000022 seconds.
  path: Assets/Materials/Cars/Wheel_Bg.mat
  artifactKey: Guid(f00da10f365075444bb51fa59d3b1fc8) Importer(815301076,1909f56bfc062723c751e8b465ee728b)
Start importing Assets/Materials/Cars/Wheel_Bg.mat using Guid(f00da10f365075444bb51fa59d3b1fc8) Importer(815301076,1909f56bfc062723c751e8b465ee728b)  -> (artifact id: '43b6aa654f6318ede73ebf0fb7596b4e') in 0.011781 seconds 
========================================================================
Received Import Request.
  Time since last request: 0.000022 seconds.
  path: Assets/Materials/Cars/orange_light.mat
  artifactKey: Guid(6ff75776736148b4ab72ba8c9424493c) Importer(815301076,1909f56bfc062723c751e8b465ee728b)
Start importing Assets/Materials/Cars/orange_light.mat using Guid(6ff75776736148b4ab72ba8c9424493c) Importer(815301076,1909f56bfc062723c751e8b465ee728b)  -> (artifact id: '1fb723ca4c1320768477ff908036979a') in 0.011191 seconds 
========================================================================
Received Import Request.
  Time since last request: 0.000021 seconds.
  path: Assets/Materials/Cars/Red_light.mat
  artifactKey: Guid(90352d8c561bf9148a078ddf39c379c0) Importer(815301076,1909f56bfc062723c751e8b465ee728b)
Start importing Assets/Materials/Cars/Red_light.mat using Guid(90352d8c561bf9148a078ddf39c379c0) Importer(815301076,1909f56bfc062723c751e8b465ee728b)  -> (artifact id: '5a7c1b10fa7a99db07f4b3102feb5a8e') in 0.013088 seconds 
========================================================================
Received Import Request.
  Time since last request: 9.455361 seconds.
  path: Assets/Materials/Buildings/Concrete
  artifactKey: Guid(6ba321a3ab9f8dc419daa94397fcca74) Importer(815301076,1909f56bfc062723c751e8b465ee728b)
Start importing Assets/Materials/Buildings/Concrete using Guid(6ba321a3ab9f8dc419daa94397fcca74) Importer(815301076,1909f56bfc062723c751e8b465ee728b)  -> (artifact id: '02cefa81bd72f3906a7263c269145571') in 0.005329 seconds 
========================================================================
Received Import Request.
  Time since last request: 20.448981 seconds.
  path: Assets/Materials/Buildings/Metal
  artifactKey: Guid(c9cf4836c2a57394094a24fc043feffe) Importer(815301076,1909f56bfc062723c751e8b465ee728b)
Start importing Assets/Materials/Buildings/Metal using Guid(c9cf4836c2a57394094a24fc043feffe) Importer(815301076,1909f56bfc062723c751e8b465ee728b)  -> (artifact id: '6922cafeeb04f3e792ad3edb4f643bbb') in 0.005234 seconds 
========================================================================
Received Import Request.
  Time since last request: 25.566770 seconds.
  path: Assets/Materials/Buildings/Concrete/M_Concrete_sand.mat
  artifactKey: Guid(4c26851a693ab2c4bb6cb2ac308db8e6) Importer(815301076,1909f56bfc062723c751e8b465ee728b)
Start importing Assets/Materials/Buildings/Concrete/M_Concrete_sand.mat using Guid(4c26851a693ab2c4bb6cb2ac308db8e6) Importer(815301076,1909f56bfc062723c751e8b465ee728b)  -> (artifact id: '1650bc68cc57bfe9d3effdd397e98922') in 0.010706 seconds 
========================================================================
Received Import Request.
  Time since last request: 44.745323 seconds.
  path: Assets/TextMesh Pro/Examples & Extras/Fonts/Anton.ttf
  artifactKey: Guid(997a43b767814dd0a7642ec9b78cba41) Importer(815301076,1909f56bfc062723c751e8b465ee728b)
Start importing Assets/TextMesh Pro/Examples & Extras/Fonts/Anton.ttf using Guid(997a43b767814dd0a7642ec9b78cba41) Importer(815301076,1909f56bfc062723c751e8b465ee728b)  -> (artifact id: 'd715a65cec22557af36e509655f99a14') in 0.012490 seconds 
========================================================================
Received Import Request.
  Time since last request: 5.839677 seconds.
  path: Assets/Models/Buildings/Build_02/SM_B_Corner_Build_02.fbx
  artifactKey: Guid(5ec7a1bf42422e5469ba870925d67f93) Importer(815301076,1909f56bfc062723c751e8b465ee728b)
Start importing Assets/Models/Buildings/Build_02/SM_B_Corner_Build_02.fbx using Guid(5ec7a1bf42422e5469ba870925d67f93) Importer(815301076,1909f56bfc062723c751e8b465ee728b)  -> (artifact id: '445e59589aac20b58c13fd83c1e26806') in 0.141125 seconds 
========================================================================
Received Import Request.
  Time since last request: 12.393119 seconds.
  path: Assets/Models/Buildings/Build_02/SM_M_Corner_Build_02.fbx
  artifactKey: Guid(296b42d1ba5405e459bff3acef48b234) Importer(815301076,1909f56bfc062723c751e8b465ee728b)
Start importing Assets/Models/Buildings/Build_02/SM_M_Corner_Build_02.fbx using Guid(296b42d1ba5405e459bff3acef48b234) Importer(815301076,1909f56bfc062723c751e8b465ee728b)  -> (artifact id: '0147624183b907f447662c526e540d6d') in 0.041656 seconds 
========================================================================
Received Import Request.
  Time since last request: 9.203990 seconds.
  path: Assets/Models/Buildings/Build_02/SM_T_Corner_Build_02.fbx
  artifactKey: Guid(e2390133ab0d0804e9b8b2ffe2fa32f3) Importer(815301076,1909f56bfc062723c751e8b465ee728b)
Start importing Assets/Models/Buildings/Build_02/SM_T_Corner_Build_02.fbx using Guid(e2390133ab0d0804e9b8b2ffe2fa32f3) Importer(815301076,1909f56bfc062723c751e8b465ee728b)  -> (artifact id: '07c10982b5e2d9e47e0b9af9937106cd') in 0.079477 seconds 
========================================================================
Received Import Request.
  Time since last request: 8.385946 seconds.
  path: Assets/Models/Buildings/Build_02/SM_T_Build_02.fbx
  artifactKey: Guid(5c7158c786be2644f86c8a005435d160) Importer(815301076,1909f56bfc062723c751e8b465ee728b)
Start importing Assets/Models/Buildings/Build_02/SM_T_Build_02.fbx using Guid(5c7158c786be2644f86c8a005435d160) Importer(815301076,1909f56bfc062723c751e8b465ee728b)  -> (artifact id: 'e7311b5c1ad496caecca2f57bb951669') in 0.134228 seconds 
========================================================================
Received Import Request.
  Time since last request: 5.781712 seconds.
  path: Assets/Models/Buildings/Build_02/SM_M_Build_02.fbx
  artifactKey: Guid(a65f3ad1926321f41b216e46dbca1ef1) Importer(815301076,1909f56bfc062723c751e8b465ee728b)
Start importing Assets/Models/Buildings/Build_02/SM_M_Build_02.fbx using Guid(a65f3ad1926321f41b216e46dbca1ef1) Importer(815301076,1909f56bfc062723c751e8b465ee728b)  -> (artifact id: '75d205c450ed30776a702183ade6ef8c') in 0.058397 seconds 
========================================================================
Received Import Request.
  Time since last request: 4.474094 seconds.
  path: Assets/TextMesh Pro/Examples & Extras/Resources/Fonts & Materials/Bangers SDF - Outline.mat
  artifactKey: Guid(f629c6e43dba4bf38cb74d8860150664) Importer(815301076,1909f56bfc062723c751e8b465ee728b)
Start importing Assets/TextMesh Pro/Examples & Extras/Resources/Fonts & Materials/Bangers SDF - Outline.mat using Guid(f629c6e43dba4bf38cb74d8860150664) Importer(815301076,1909f56bfc062723c751e8b465ee728b)  -> (artifact id: '9bba3fcf1e43c32f11028ae24041bf8a') in 0.022038 seconds 
========================================================================
Received Import Request.
  Time since last request: 0.022249 seconds.
  path: Assets/TextMesh Pro/Examples & Extras/Resources/Fonts & Materials/Bangers SDF Logo.mat
  artifactKey: Guid(f4e195ac1e204eff960149d1cb34e18c) Importer(815301076,1909f56bfc062723c751e8b465ee728b)
Start importing Assets/TextMesh Pro/Examples & Extras/Resources/Fonts & Materials/Bangers SDF Logo.mat using Guid(f4e195ac1e204eff960149d1cb34e18c) Importer(815301076,1909f56bfc062723c751e8b465ee728b)  -> (artifact id: '0e0647a963c6ca05b9bba7259c442386') in 0.231211 seconds 
========================================================================
Received Import Request.
  Time since last request: 0.146164 seconds.
  path: Assets/Materials/Roads/Highway/Concrete.mat
  artifactKey: Guid(3ac05b64677be344c8e5294834da2373) Importer(815301076,1909f56bfc062723c751e8b465ee728b)
Start importing Assets/Materials/Roads/Highway/Concrete.mat using Guid(3ac05b64677be344c8e5294834da2373) Importer(815301076,1909f56bfc062723c751e8b465ee728b)  -> (artifact id: '8d081a8cf597d8213b1cf73dc4498a64') in 0.007784 seconds 
========================================================================
Received Import Request.
  Time since last request: 1.858059 seconds.
  path: Assets/TextMesh Pro/Examples & Extras/Fonts/Roboto-Bold.ttf
  artifactKey: Guid(4beb055f07aaff244873dec698d0363e) Importer(815301076,1909f56bfc062723c751e8b465ee728b)
Start importing Assets/TextMesh Pro/Examples & Extras/Fonts/Roboto-Bold.ttf using Guid(4beb055f07aaff244873dec698d0363e) Importer(815301076,1909f56bfc062723c751e8b465ee728b)  -> (artifact id: '556b69e757dbe8e2339a7e8575587732') in 0.012191 seconds 
========================================================================
Received Import Request.
  Time since last request: 2.959033 seconds.
  path: Assets/Models/Buildings/Build_02/SM_B_Build_02.fbx
  artifactKey: Guid(db23f046e094037458240aa02df733e1) Importer(815301076,1909f56bfc062723c751e8b465ee728b)
Start importing Assets/Models/Buildings/Build_02/SM_B_Build_02.fbx using Guid(db23f046e094037458240aa02df733e1) Importer(815301076,1909f56bfc062723c751e8b465ee728b)  -> (artifact id: '4eaa83bdd4842e4f887ffd87e8b01fa9') in 0.097748 seconds 
========================================================================
Received Import Request.
  Time since last request: 35.385260 seconds.
  path: Assets/Materials/Buildings/Concrete/M_Green_Concrete.mat
  artifactKey: Guid(18fb43785150de34bac44ee8673a2980) Importer(815301076,1909f56bfc062723c751e8b465ee728b)
Start importing Assets/Materials/Buildings/Concrete/M_Green_Concrete.mat using Guid(18fb43785150de34bac44ee8673a2980) Importer(815301076,1909f56bfc062723c751e8b465ee728b)  -> (artifact id: '14d241267798dda622e65b798105d541') in 0.010325 seconds 
========================================================================
Received Import Request.
  Time since last request: 21.404000 seconds.
  path: Assets/Models/Buildings/Build_02/SM_B_Corner_Build_02.fbx
  artifactKey: Guid(5ec7a1bf42422e5469ba870925d67f93) Importer(815301076,1909f56bfc062723c751e8b465ee728b)
Start importing Assets/Models/Buildings/Build_02/SM_B_Corner_Build_02.fbx using Guid(5ec7a1bf42422e5469ba870925d67f93) Importer(815301076,1909f56bfc062723c751e8b465ee728b)  -> (artifact id: 'fdcbdd3dfa1a9f6aa72098c505d96039') in 0.072758 seconds 
========================================================================
Received Import Request.
  Time since last request: 8.948422 seconds.
  path: Assets/Models/Buildings/Build_02/SM_M_Corner_Build_02.fbx
  artifactKey: Guid(296b42d1ba5405e459bff3acef48b234) Importer(815301076,1909f56bfc062723c751e8b465ee728b)
Start importing Assets/Models/Buildings/Build_02/SM_M_Corner_Build_02.fbx using Guid(296b42d1ba5405e459bff3acef48b234) Importer(815301076,1909f56bfc062723c751e8b465ee728b)  -> (artifact id: '56e49e9cebd2a78f6abb8c30f72a3a85') in 0.036956 seconds 
========================================================================
Received Import Request.
  Time since last request: 7.189701 seconds.
  path: Assets/Models/Buildings/Build_02/SM_T_Corner_Build_02.fbx
  artifactKey: Guid(e2390133ab0d0804e9b8b2ffe2fa32f3) Importer(815301076,1909f56bfc062723c751e8b465ee728b)
Start importing Assets/Models/Buildings/Build_02/SM_T_Corner_Build_02.fbx using Guid(e2390133ab0d0804e9b8b2ffe2fa32f3) Importer(815301076,1909f56bfc062723c751e8b465ee728b)  -> (artifact id: '71fae7bf573549268a595d99c67b676b') in 0.082361 seconds 
========================================================================
Received Import Request.
  Time since last request: 7.740685 seconds.
  path: Assets/Models/Buildings/Build_02/SM_T_Build_02.fbx
  artifactKey: Guid(5c7158c786be2644f86c8a005435d160) Importer(815301076,1909f56bfc062723c751e8b465ee728b)
Start importing Assets/Models/Buildings/Build_02/SM_T_Build_02.fbx using Guid(5c7158c786be2644f86c8a005435d160) Importer(815301076,1909f56bfc062723c751e8b465ee728b)  -> (artifact id: 'ea4eed7308f3c1d8c1c28af3a19873d0') in 0.140736 seconds 
========================================================================
Received Import Request.
  Time since last request: 7.634576 seconds.
  path: Assets/Models/Buildings/Build_02/SM_M_Build_02.fbx
  artifactKey: Guid(a65f3ad1926321f41b216e46dbca1ef1) Importer(815301076,1909f56bfc062723c751e8b465ee728b)
Start importing Assets/Models/Buildings/Build_02/SM_M_Build_02.fbx using Guid(a65f3ad1926321f41b216e46dbca1ef1) Importer(815301076,1909f56bfc062723c751e8b465ee728b)  -> (artifact id: '740fee81da63e47e82e9006493e88a45') in 0.053735 seconds 
========================================================================
Received Import Request.
  Time since last request: 8.871857 seconds.
  path: Assets/Models/Buildings/Build_02/SM_B_Build_02.fbx
  artifactKey: Guid(db23f046e094037458240aa02df733e1) Importer(815301076,1909f56bfc062723c751e8b465ee728b)
Start importing Assets/Models/Buildings/Build_02/SM_B_Build_02.fbx using Guid(db23f046e094037458240aa02df733e1) Importer(815301076,1909f56bfc062723c751e8b465ee728b)  -> (artifact id: 'dc525693fab135afd70a0ff02a1cabdc') in 0.089939 seconds 
========================================================================
Received Import Request.
  Time since last request: 24.622361 seconds.
  path: Assets/Models/Buildings/Build_02/SM_B_Corner_Build_02.fbx
  artifactKey: Guid(5ec7a1bf42422e5469ba870925d67f93) Importer(815301076,1909f56bfc062723c751e8b465ee728b)
Start importing Assets/Models/Buildings/Build_02/SM_B_Corner_Build_02.fbx using Guid(5ec7a1bf42422e5469ba870925d67f93) Importer(815301076,1909f56bfc062723c751e8b465ee728b)  -> (artifact id: 'b6fb46ddc066482ecb61f9ee7e06d5ca') in 0.067430 seconds 
========================================================================
Received Import Request.
  Time since last request: 7.582353 seconds.
  path: Assets/Models/Buildings/Build_02/SM_M_Corner_Build_02.fbx
  artifactKey: Guid(296b42d1ba5405e459bff3acef48b234) Importer(815301076,1909f56bfc062723c751e8b465ee728b)
Start importing Assets/Models/Buildings/Build_02/SM_M_Corner_Build_02.fbx using Guid(296b42d1ba5405e459bff3acef48b234) Importer(815301076,1909f56bfc062723c751e8b465ee728b)  -> (artifact id: '215523132ba091f7e6611b897eba9810') in 0.033259 seconds 
========================================================================
Received Import Request.
  Time since last request: 5.175071 seconds.
  path: Assets/TextMesh Pro/Fonts/LiberationSans.ttf
  artifactKey: Guid(e3265ab4bf004d28a9537516768c1c75) Importer(815301076,1909f56bfc062723c751e8b465ee728b)
Start importing Assets/TextMesh Pro/Fonts/LiberationSans.ttf using Guid(e3265ab4bf004d28a9537516768c1c75) Importer(815301076,1909f56bfc062723c751e8b465ee728b)  -> (artifact id: '86e85d55384b22641579099d0f1ce7e8') in 0.015099 seconds 
========================================================================
Received Import Request.
  Time since last request: 3.793189 seconds.
  path: Assets/Models/Buildings/Build_02/SM_T_Corner_Build_02.fbx
  artifactKey: Guid(e2390133ab0d0804e9b8b2ffe2fa32f3) Importer(815301076,1909f56bfc062723c751e8b465ee728b)
Start importing Assets/Models/Buildings/Build_02/SM_T_Corner_Build_02.fbx using Guid(e2390133ab0d0804e9b8b2ffe2fa32f3) Importer(815301076,1909f56bfc062723c751e8b465ee728b)  -> (artifact id: '535d737c8be662a15b892e6af40ca250') in 0.067065 seconds 
========================================================================
Received Import Request.
  Time since last request: 18.369672 seconds.
  path: Assets/Models/Buildings/Build_02/SM_T_Build_02.fbx
  artifactKey: Guid(5c7158c786be2644f86c8a005435d160) Importer(815301076,1909f56bfc062723c751e8b465ee728b)
Start importing Assets/Models/Buildings/Build_02/SM_T_Build_02.fbx using Guid(5c7158c786be2644f86c8a005435d160) Importer(815301076,1909f56bfc062723c751e8b465ee728b)  -> (artifact id: '766cf99c918ac24c9a0769749c8b5fe8') in 0.124997 seconds 
========================================================================
Received Import Request.
  Time since last request: 7.845869 seconds.
  path: Assets/Models/Buildings/Build_02/SM_M_Build_02.fbx
  artifactKey: Guid(a65f3ad1926321f41b216e46dbca1ef1) Importer(815301076,1909f56bfc062723c751e8b465ee728b)
Start importing Assets/Models/Buildings/Build_02/SM_M_Build_02.fbx using Guid(a65f3ad1926321f41b216e46dbca1ef1) Importer(815301076,1909f56bfc062723c751e8b465ee728b)  -> (artifact id: '0af444c1c6c518c404c45998b41ea871') in 0.049223 seconds 
========================================================================
Received Import Request.
  Time since last request: 6.419164 seconds.
  path: Assets/Models/Buildings/Build_02/SM_B_Build_02.fbx
  artifactKey: Guid(db23f046e094037458240aa02df733e1) Importer(815301076,1909f56bfc062723c751e8b465ee728b)
Start importing Assets/Models/Buildings/Build_02/SM_B_Build_02.fbx using Guid(db23f046e094037458240aa02df733e1) Importer(815301076,1909f56bfc062723c751e8b465ee728b)  -> (artifact id: '0b4104c91e4d07e9fea5971e98adb92a') in 0.079527 seconds 
========================================================================
Received Import Request.
  Time since last request: 95.646333 seconds.
  path: Assets/Models/Buildings/Build_02/SM_B_Corner_Build_02.fbx
  artifactKey: Guid(5ec7a1bf42422e5469ba870925d67f93) Importer(815301076,1909f56bfc062723c751e8b465ee728b)
Start importing Assets/Models/Buildings/Build_02/SM_B_Corner_Build_02.fbx using Guid(5ec7a1bf42422e5469ba870925d67f93) Importer(815301076,1909f56bfc062723c751e8b465ee728b)  -> (artifact id: 'e18840fe72e2a35bc05b9bb97d1f1141') in 0.062280 seconds 
========================================================================
Received Import Request.
  Time since last request: 23.231262 seconds.
  path: Assets/Models/Buildings/Build_02/SM_B_Build_02.fbx
  artifactKey: Guid(db23f046e094037458240aa02df733e1) Importer(815301076,1909f56bfc062723c751e8b465ee728b)
Start importing Assets/Models/Buildings/Build_02/SM_B_Build_02.fbx using Guid(db23f046e094037458240aa02df733e1) Importer(815301076,1909f56bfc062723c751e8b465ee728b)  -> (artifact id: '04b60d1c00c3a175ab5e6bc9a6bc7faa') in 0.106949 seconds 
========================================================================
Received Import Request.
  Time since last request: 0.000021 seconds.
  path: Assets/Models/Buildings/Build_02/SM_T_Build_02.fbx
  artifactKey: Guid(5c7158c786be2644f86c8a005435d160) Importer(815301076,1909f56bfc062723c751e8b465ee728b)
Start importing Assets/Models/Buildings/Build_02/SM_T_Build_02.fbx using Guid(5c7158c786be2644f86c8a005435d160) Importer(815301076,1909f56bfc062723c751e8b465ee728b)  -> (artifact id: 'd78954cf499be4df6a919fa83d254b24') in 0.157840 seconds 
Editor requested this worker to shutdown with reason: Scaling down because of idle timeout
AssetImportWorker is now disconnected from the server
Process exiting
Exiting without the bug reporter. Application will terminate with return code 0